<?xml version="1.0" encoding="UTF-8"?>
<!-- Generated by org.testng.reporters.JUnitReportReporter -->
<testsuite hostname="LAPTOP-6FGE5DFR" failures="0" tests="1" name="testcases.HomePageTestr" time="9.676" errors="0" timestamp="2024-02-10T12:46:06 EST" skipped="0">
  <testcase classname="testcases.HomePageTestr" name="OpenMusicLibrary" time="9.676"/>
  <system-out/>
</testsuite> <!-- testcases.HomePageTestr -->
